<?xml version="1.0" encoding="utf-8"?>
<TestRun id="3924f0e9-a540-4ab6-9811-1c8672f9d791" name="@MacBookPro 2025-07-14 20:57:18" xmlns="http://microsoft.com/schemas/VisualStudio/TeamTest/2010">
  <Times creation="2025-07-14T20:57:18.5980580-05:00" queuing="2025-07-14T20:57:18.5980580-05:00" start="2025-07-14T20:57:13.6376570-05:00" finish="2025-07-14T20:57:26.9401150-05:00" />
  <TestSettings name="default" id="cb353680-a3f7-4478-8128-7d24c1a7e553">
    <Deployment runDeploymentRoot="_MacBookPro_2025-07-14_20_57_18" />
  </TestSettings>
  <Results>
    <UnitTestResult executionId="8ee6e155-3bbe-4816-ad7c-bfd89de00c6f" testId="7e553864-2619-065a-b95c-fcb4c8f766d7" testName="LoginWithInvalidUsername" computerName="MacBookPro" duration="00:00:02.8939350" startTime="2025-07-14T20:57:23.9658380-05:00" endTime="2025-07-14T20:57:26.8597320-05:00" testType="13cdc9d9-ddb5-4fa4-a97d-d965ccfc6d4b" outcome="Passed" testListId="8c84fa94-04c1-424b-9868-57a2d4851a1d" relativeResultsDirectory="8ee6e155-3bbe-4816-ad7c-bfd89de00c6f">
      <Output>
        <StdOut>Given the user is on the invalid login page
-&gt; done: InvalidLoginTestSteps.GivenTheUserIsOnTheInvalidLoginPage() (0.5s)
When the user enters invalid username 'invaliduser' and password 'Password123'
-&gt; done: InvalidLoginTestSteps.WhenTheUserEntersInvalidUsernameAndPassword("invaliduser", "Password123") (0.2s)
And clicks the invalid login button
-&gt; done: InvalidLoginTestSteps.WhenClicksTheInvalidLoginButton() (0.1s)
Then the user should see an error message for invalid username
-&gt; done: InvalidLoginTestSteps.ThenTheUserShouldSeeAnErrorMessageForInvalidUsername() (0.1s)</StdOut>
      </Output>
    </UnitTestResult>
    <UnitTestResult executionId="7739b217-c768-47cf-9be7-c33fa4ec59e0" testId="68ad1630-9139-f55e-00a1-79ea02deb6c0" testName="LoginWithBothInvalidUsernameAndPassword" computerName="MacBookPro" duration="00:00:02.7901620" startTime="2025-07-14T20:57:18.3417200-05:00" endTime="2025-07-14T20:57:21.1318440-05:00" testType="13cdc9d9-ddb5-4fa4-a97d-d965ccfc6d4b" outcome="Passed" testListId="8c84fa94-04c1-424b-9868-57a2d4851a1d" relativeResultsDirectory="7739b217-c768-47cf-9be7-c33fa4ec59e0">
      <Output>
        <StdOut>Given the user is on the invalid login page
-&gt; done: InvalidLoginTestSteps.GivenTheUserIsOnTheInvalidLoginPage() (0.4s)
When the user enters invalid username 'invaliduser' and password 'invalidpassword'
-&gt; done: InvalidLoginTestSteps.WhenTheUserEntersInvalidUsernameAndPassword("invaliduser", "invalidpassword") (0.2s)
And clicks the invalid login button
-&gt; done: InvalidLoginTestSteps.WhenClicksTheInvalidLoginButton() (0.1s)
Then the user should see an error message for invalid credentials
-&gt; done: InvalidLoginTestSteps.ThenTheUserShouldSeeAnErrorMessageForInvalidCredentials() (0.0s)</StdOut>
      </Output>
    </UnitTestResult>
    <UnitTestResult executionId="fd20e114-007d-4473-9ea0-3e15caea2199" testId="ecb7188d-3397-ec50-2219-bf6f51112a04" testName="LoginWithInvalidPassword" computerName="MacBookPro" duration="00:00:02.8338510" startTime="2025-07-14T20:57:21.1319610-05:00" endTime="2025-07-14T20:57:23.9657730-05:00" testType="13cdc9d9-ddb5-4fa4-a97d-d965ccfc6d4b" outcome="Passed" testListId="8c84fa94-04c1-424b-9868-57a2d4851a1d" relativeResultsDirectory="fd20e114-007d-4473-9ea0-3e15caea2199">
      <Output>
        <StdOut>Given the user is on the invalid login page
-&gt; done: InvalidLoginTestSteps.GivenTheUserIsOnTheInvalidLoginPage() (0.4s)
When the user enters invalid username 'student' and password 'invalidpassword'
-&gt; done: InvalidLoginTestSteps.WhenTheUserEntersInvalidUsernameAndPassword("student", "invalidpassword") (0.2s)
And clicks the invalid login button
-&gt; done: InvalidLoginTestSteps.WhenClicksTheInvalidLoginButton() (0.1s)
Then the user should see an error message for invalid password
-&gt; done: InvalidLoginTestSteps.ThenTheUserShouldSeeAnErrorMessageForInvalidPassword() (0.0s)</StdOut>
      </Output>
    </UnitTestResult>
    <UnitTestResult executionId="b275ab22-437b-4b0f-ac37-7b8e233b8bca" testId="bc50d387-b797-3881-6fa2-118623bb9edb" testName="SuccessfulLoginAndLogoutWithValidCredentials" computerName="MacBookPro" duration="00:00:03.4643790" startTime="2025-07-14T20:57:14.8680590-05:00" endTime="2025-07-14T20:57:18.3322530-05:00" testType="13cdc9d9-ddb5-4fa4-a97d-d965ccfc6d4b" outcome="Passed" testListId="8c84fa94-04c1-424b-9868-57a2d4851a1d" relativeResultsDirectory="b275ab22-437b-4b0f-ac37-7b8e233b8bca">
      <Output>
        <StdOut>Given the user is on the Avi login page
-&gt; done: AviLoginTestSteps.GivenTheUserIsOnTheAviLoginPage() (0.5s)
When the user enters username 'student' and password 'Password123'
-&gt; done: AviLoginTestSteps.WhenTheUserEntersUsernameAndPassword("student", "Password123") (0.3s)
And clicks the login button
-&gt; done: AviLoginTestSteps.WhenClicksTheLoginButton() (0.2s)
Then the user should be navigated to the secure area
-&gt; done: AviLoginTestSteps.ThenTheUserShouldBeNavigatedToTheSecureArea() (0.0s)
When the user clicks the logout button
-&gt; done: AviLoginTestSteps.WhenTheUserClicksTheLogoutButton() (0.1s)
Then the user should be logged out and redirected to the login page
-&gt; done: AviLoginTestSteps.ThenTheUserShouldBeLoggedOutAndRedirectedToTheLoginPage() (0.0s)</StdOut>
      </Output>
    </UnitTestResult>
  </Results>
  <TestDefinitions>
    <UnitTest name="LoginWithInvalidUsername" storage="/users/avinashremala/desktop/avinashtesting/bin/debug/net6.0/avinashtesting.dll" id="7e553864-2619-065a-b95c-fcb4c8f766d7">
      <Execution id="8ee6e155-3bbe-4816-ad7c-bfd89de00c6f" />
      <TestMethod codeBase="/Users/avinashremala/Desktop/AvinashTesting/bin/Debug/net6.0/AvinashTesting.dll" adapterTypeName="executor://nunit3testexecutor/" className="AvinashTesting.Features.InvalidLoginTestFeature" name="LoginWithInvalidUsername" />
    </UnitTest>
    <UnitTest name="LoginWithBothInvalidUsernameAndPassword" storage="/users/avinashremala/desktop/avinashtesting/bin/debug/net6.0/avinashtesting.dll" id="68ad1630-9139-f55e-00a1-79ea02deb6c0">
      <Execution id="7739b217-c768-47cf-9be7-c33fa4ec59e0" />
      <TestMethod codeBase="/Users/avinashremala/Desktop/AvinashTesting/bin/Debug/net6.0/AvinashTesting.dll" adapterTypeName="executor://nunit3testexecutor/" className="AvinashTesting.Features.InvalidLoginTestFeature" name="LoginWithBothInvalidUsernameAndPassword" />
    </UnitTest>
    <UnitTest name="LoginWithInvalidPassword" storage="/users/avinashremala/desktop/avinashtesting/bin/debug/net6.0/avinashtesting.dll" id="ecb7188d-3397-ec50-2219-bf6f51112a04">
      <Execution id="fd20e114-007d-4473-9ea0-3e15caea2199" />
      <TestMethod codeBase="/Users/avinashremala/Desktop/AvinashTesting/bin/Debug/net6.0/AvinashTesting.dll" adapterTypeName="executor://nunit3testexecutor/" className="AvinashTesting.Features.InvalidLoginTestFeature" name="LoginWithInvalidPassword" />
    </UnitTest>
    <UnitTest name="SuccessfulLoginAndLogoutWithValidCredentials" storage="/users/avinashremala/desktop/avinashtesting/bin/debug/net6.0/avinashtesting.dll" id="bc50d387-b797-3881-6fa2-118623bb9edb">
      <Execution id="b275ab22-437b-4b0f-ac37-7b8e233b8bca" />
      <TestMethod codeBase="/Users/avinashremala/Desktop/AvinashTesting/bin/Debug/net6.0/AvinashTesting.dll" adapterTypeName="executor://nunit3testexecutor/" className="AvinashTesting.Features.AviLoginTestFeature" name="SuccessfulLoginAndLogoutWithValidCredentials" />
    </UnitTest>
  </TestDefinitions>
  <TestEntries>
    <TestEntry testId="7e553864-2619-065a-b95c-fcb4c8f766d7" executionId="8ee6e155-3bbe-4816-ad7c-bfd89de00c6f" testListId="8c84fa94-04c1-424b-9868-57a2d4851a1d" />
    <TestEntry testId="68ad1630-9139-f55e-00a1-79ea02deb6c0" executionId="7739b217-c768-47cf-9be7-c33fa4ec59e0" testListId="8c84fa94-04c1-424b-9868-57a2d4851a1d" />
    <TestEntry testId="ecb7188d-3397-ec50-2219-bf6f51112a04" executionId="fd20e114-007d-4473-9ea0-3e15caea2199" testListId="8c84fa94-04c1-424b-9868-57a2d4851a1d" />
    <TestEntry testId="bc50d387-b797-3881-6fa2-118623bb9edb" executionId="b275ab22-437b-4b0f-ac37-7b8e233b8bca" testListId="8c84fa94-04c1-424b-9868-57a2d4851a1d" />
  </TestEntries>
  <TestLists>
    <TestList name="Results Not in a List" id="8c84fa94-04c1-424b-9868-57a2d4851a1d" />
    <TestList name="All Loaded Results" id="19431567-8539-422a-85d7-44ee4e166bda" />
  </TestLists>
  <ResultSummary outcome="Completed">
    <Counters total="4" executed="4" passed="4" failed="0" error="0" timeout="0" aborted="0" inconclusive="0" passedButRunAborted="0" notRunnable="0" notExecuted="0" disconnected="0" warning="0" completed="0" inProgress="0" pending="0" />
    <Output>
      <StdOut>NUnit Adapter 4.6.0.0: Test execution started
Running all tests in /Users/avinashremala/Desktop/AvinashTesting/bin/Debug/net6.0/AvinashTesting.dll
   NUnit3TestExecutor discovered 4 of 4 NUnit test cases using Current Discovery mode, Non-Explicit run
Starting ChromeDriver 138.0.7204.94 (5450257488848fa5bab09dea663ce77edfb17672-refs/branch-heads/7204_50@{#10}) on port 53333
Only local connections are allowed.
Please see https://chromedriver.chromium.org/security-considerations for suggestions on keeping ChromeDriver safe.
ChromeDriver was started successfully on port 53333.
Given the user is on the Avi login page
-&gt; done: AviLoginTestSteps.GivenTheUserIsOnTheAviLoginPage() (0.5s)
When the user enters username 'student' and password 'Password123'
-&gt; done: AviLoginTestSteps.WhenTheUserEntersUsernameAndPassword("student", "Password123") (0.3s)
And clicks the login button
-&gt; done: AviLoginTestSteps.WhenClicksTheLoginButton() (0.2s)
Then the user should be navigated to the secure area
-&gt; done: AviLoginTestSteps.ThenTheUserShouldBeNavigatedToTheSecureArea() (0.0s)
When the user clicks the logout button
-&gt; done: AviLoginTestSteps.WhenTheUserClicksTheLogoutButton() (0.1s)
Then the user should be logged out and redirected to the login page
-&gt; done: AviLoginTestSteps.ThenTheUserShouldBeLoggedOutAndRedirectedToTheLoginPage() (0.0s)

Starting ChromeDriver 138.0.7204.94 (5450257488848fa5bab09dea663ce77edfb17672-refs/branch-heads/7204_50@{#10}) on port 53354
Only local connections are allowed.
Please see https://chromedriver.chromium.org/security-considerations for suggestions on keeping ChromeDriver safe.
ChromeDriver was started successfully on port 53354.
Given the user is on the invalid login page
-&gt; done: InvalidLoginTestSteps.GivenTheUserIsOnTheInvalidLoginPage() (0.4s)
When the user enters invalid username 'invaliduser' and password 'invalidpassword'
-&gt; done: InvalidLoginTestSteps.WhenTheUserEntersInvalidUsernameAndPassword("invaliduser", "invalidpassword") (0.2s)
And clicks the invalid login button
-&gt; done: InvalidLoginTestSteps.WhenClicksTheInvalidLoginButton() (0.1s)
Then the user should see an error message for invalid credentials
-&gt; done: InvalidLoginTestSteps.ThenTheUserShouldSeeAnErrorMessageForInvalidCredentials() (0.0s)

Starting ChromeDriver 138.0.7204.94 (5450257488848fa5bab09dea663ce77edfb17672-refs/branch-heads/7204_50@{#10}) on port 53392
Only local connections are allowed.
Please see https://chromedriver.chromium.org/security-considerations for suggestions on keeping ChromeDriver safe.
ChromeDriver was started successfully on port 53392.
Given the user is on the invalid login page
-&gt; done: InvalidLoginTestSteps.GivenTheUserIsOnTheInvalidLoginPage() (0.4s)
When the user enters invalid username 'student' and password 'invalidpassword'
-&gt; done: InvalidLoginTestSteps.WhenTheUserEntersInvalidUsernameAndPassword("student", "invalidpassword") (0.2s)
And clicks the invalid login button
-&gt; done: InvalidLoginTestSteps.WhenClicksTheInvalidLoginButton() (0.1s)
Then the user should see an error message for invalid password
-&gt; done: InvalidLoginTestSteps.ThenTheUserShouldSeeAnErrorMessageForInvalidPassword() (0.0s)

Starting ChromeDriver 138.0.7204.94 (5450257488848fa5bab09dea663ce77edfb17672-refs/branch-heads/7204_50@{#10}) on port 53431
Only local connections are allowed.
Please see https://chromedriver.chromium.org/security-considerations for suggestions on keeping ChromeDriver safe.
ChromeDriver was started successfully on port 53431.
Given the user is on the invalid login page
-&gt; done: InvalidLoginTestSteps.GivenTheUserIsOnTheInvalidLoginPage() (0.5s)
When the user enters invalid username 'invaliduser' and password 'Password123'
-&gt; done: InvalidLoginTestSteps.WhenTheUserEntersInvalidUsernameAndPassword("invaliduser", "Password123") (0.2s)
And clicks the invalid login button
-&gt; done: InvalidLoginTestSteps.WhenClicksTheInvalidLoginButton() (0.1s)
Then the user should see an error message for invalid username
-&gt; done: InvalidLoginTestSteps.ThenTheUserShouldSeeAnErrorMessageForInvalidUsername() (0.1s)

NUnit Adapter 4.6.0.0: Test execution complete
</StdOut>
    </Output>
  </ResultSummary>
</TestRun>